[2026-01-30 18:11:00] --- Starting Update ---
[2026-01-30 18:11:00] Fetching LeetCode stats for upratapvarun...
[2026-01-30 18:11:01] LeetCode Success: 6
[2026-01-30 18:11:01] Fetching GFG stats for upratapim33...
[2026-01-30 18:11:02] GFG Success: 21
[2026-01-30 18:11:02] Total Solved: 27 (LC: 6, GFG: 21)
[2026-01-30 18:11:02] variables.inc updated successfully.
[2026-01-30 18:11:45] --- Starting Update ---
[2026-01-30 18:11:45] Fetching LeetCode stats for upratapvarun...
[2026-01-30 18:11:46] LeetCode Success: 6
[2026-01-30 18:11:46] Fetching GFG stats for upratapim33...
[2026-01-30 18:11:47] GFG Success: 21
[2026-01-30 18:11:47] Total Solved: 27 (LC: 6, GFG: 21)
[2026-01-30 18:11:47] variables.inc updated successfully.
[2026-01-30 18:11:52] --- Starting Update ---
[2026-01-30 18:11:52] Fetching LeetCode stats for upratapvarun...
[2026-01-30 18:11:53] --- Starting Update ---
[2026-01-30 18:11:53] Fetching LeetCode stats for upratapvarun...
[2026-01-30 18:11:53] --- Starting Update ---
[2026-01-30 18:11:53] Fetching LeetCode stats for upratapvarun...
[2026-01-30 18:11:55] LeetCode Success: 6
[2026-01-30 18:11:55] Fetching GFG stats for upratapim33...
[2026-01-30 18:11:56] GFG Success: 21
[2026-01-30 18:11:56] Total Solved: 27 (LC: 6, GFG: 21)
[2026-01-30 18:11:56] variables.inc updated successfully.
[2026-01-30 18:12:00] --- Starting Update ---
[2026-01-30 18:12:00] Fetching LeetCode stats for upratapvarun...
[2026-01-30 18:12:01] LeetCode Success: 6
[2026-01-30 18:12:01] Fetching GFG stats for upratapim33...
[2026-01-30 18:12:02] GFG Success: 21
[2026-01-30 18:12:02] Total Solved: 27 (LC: 6, GFG: 21)
[2026-01-30 18:12:02] variables.inc updated successfully.
[2026-01-30 18:12:07] --- Starting Update ---
[2026-01-30 18:12:07] Fetching LeetCode stats for upratapvarun...
[2026-01-30 18:12:08] LeetCode Success: 6
[2026-01-30 18:12:08] Fetching GFG stats for upratapim33...
[2026-01-30 18:12:09] GFG Success: 21
[2026-01-30 18:12:09] Total Solved: 27 (LC: 6, GFG: 21)
[2026-01-30 18:12:09] variables.inc updated successfully.
[2026-01-30 18:12:16] --- Starting Update ---
[2026-01-30 18:12:16] Fetching LeetCode stats for upratapvarun...
[2026-01-30 18:12:17] LeetCode Success: 6
[2026-01-30 18:12:17] Fetching GFG stats for upratapim33...
[2026-01-30 18:12:19] --- Starting Update ---
[2026-01-30 18:12:19] Fetching LeetCode stats for upratapvarun...
[2026-01-30 18:12:19] LeetCode Success: 6
[2026-01-30 18:12:19] Fetching GFG stats for upratapim33...
[2026-01-30 18:12:20] GFG Success: 21
[2026-01-30 18:12:20] Total Solved: 27 (LC: 6, GFG: 21)
[2026-01-30 18:12:20] variables.inc updated successfully.
[2026-01-30 18:14:07] --- Starting Update ---
[2026-01-30 18:14:07] Fetching LeetCode stats for upratapvarun...
[2026-01-30 18:14:09] LeetCode Success: 6
[2026-01-30 18:14:09] Fetching GFG stats for upratapim33...
[2026-01-30 18:14:10] GFG Success: 21
[2026-01-30 18:14:10] Total Solved: 27 (LC: 6, GFG: 21)
[2026-01-30 18:14:10] variables.inc updated successfully.
[2026-01-30 18:19:51] --- Starting Update ---
[2026-01-30 18:19:51] Fetching LeetCode stats for upratapvarun...
[2026-01-30 18:19:52] Fetching GFG stats for upratapim33...
[2026-01-30 18:19:54] variables.inc updated successfully.
[2026-01-30 18:20:45] --- Starting Update ---
[2026-01-30 18:20:45] Fetching LeetCode stats for upratapvarun...
[2026-01-30 18:20:45] Fetching GFG stats for upratapim33...
[2026-01-30 18:20:47] variables.inc updated successfully.
[2026-01-30 18:20:57] --- Starting Update ---
[2026-01-30 18:20:57] Fetching LeetCode stats for upratapvarun...
[2026-01-30 18:20:57] Fetching GFG stats for upratapim33...
[2026-01-30 18:20:59] variables.inc updated successfully.
[2026-01-30 18:36:12] --- Starting Update ---
[2026-01-30 18:36:12] Fetching LeetCode stats for upratapvarun...
[2026-01-30 18:36:13] LeetCode Success: 6
[2026-01-30 18:36:13] Fetching GFG stats for upratapim33...
[2026-01-30 18:36:15] GFG Success: 21
[2026-01-30 18:36:15] Total Solved: 27 (LC: 6, GFG: 21)
[2026-01-30 18:36:15] variables.inc updated successfully.
[2026-01-30 18:36:29] --- Starting Update ---
[2026-01-30 18:36:29] Fetching LeetCode stats for upratapvarun...
[2026-01-30 18:36:30] LeetCode Success: 6
[2026-01-30 18:36:30] Fetching GFG stats for upratapim33...
[2026-01-30 18:36:31] GFG Success: 21
[2026-01-30 18:36:31] Total Solved: 27 (LC: 6, GFG: 21)
[2026-01-30 18:36:31] variables.inc updated successfully.
[2026-01-30 18:37:29] --- Starting Update ---
[2026-01-30 18:37:29] Fetching LeetCode stats for upratapvarun...
[2026-01-30 18:37:30] LeetCode Success: 6
[2026-01-30 18:37:30] Fetching GFG stats for upratapim33...
[2026-01-30 18:37:31] GFG Success: 21
[2026-01-30 18:37:31] Total Solved: 27 (LC: 6, GFG: 21)
[2026-01-30 18:37:31] variables.inc updated successfully.
[2026-01-30 18:37:34] --- Starting Update ---
[2026-01-30 18:37:34] Fetching LeetCode stats for upratapvarun...
[2026-01-30 18:37:35] LeetCode Success: 6
[2026-01-30 18:37:35] Fetching GFG stats for upratapim33...
[2026-01-30 18:37:36] --- Starting Update ---
[2026-01-30 18:37:36] Fetching LeetCode stats for upratapvarun...
[2026-01-30 18:37:37] LeetCode Success: 6
[2026-01-30 18:37:37] Fetching GFG stats for upratapim33...
[2026-01-30 18:37:38] GFG Success: 21
[2026-01-30 18:37:38] Total Solved: 27 (LC: 6, GFG: 21)
[2026-01-30 18:37:38] variables.inc updated successfully.
[2026-01-30 18:37:40] --- Starting Update ---
[2026-01-30 18:37:40] Fetching LeetCode stats for upratapvarun...
[2026-01-30 18:37:41] LeetCode Success: 6
[2026-01-30 18:37:41] Fetching GFG stats for upratapim33...
[2026-01-30 18:37:42] GFG Success: 21
[2026-01-30 18:37:42] Total Solved: 27 (LC: 6, GFG: 21)
[2026-01-30 18:37:42] variables.inc updated successfully.
[2026-01-30 18:39:55] --- Starting Update ---
[2026-01-30 18:39:55] Fetching LeetCode stats for upratapvarun...
[2026-01-30 18:39:56] LeetCode Success: 6
[2026-01-30 18:39:56] Fetching GFG stats for upratapim33...
[2026-01-30 18:39:57] GFG Success: 21
[2026-01-30 18:39:57] Total Solved: 27 (LC: 6, GFG: 21)
[2026-01-30 18:39:57] variables.inc updated successfully.
[2026-01-30 18:39:57] --- Starting Update ---
[2026-01-30 18:39:57] Fetching LeetCode stats for upratapvarun...
[2026-01-30 18:39:58] LeetCode Success: 6
[2026-01-30 18:39:58] Fetching GFG stats for upratapim33...
[2026-01-30 18:39:59] GFG Success: 21
[2026-01-30 18:39:59] Total Solved: 27 (LC: 6, GFG: 21)
[2026-01-30 18:39:59] variables.inc updated successfully.
[2026-01-30 18:41:00] --- Starting Update ---
[2026-01-30 18:41:00] Fetching LeetCode stats for upratapvarun...
[2026-01-30 18:41:02] LeetCode Success: 6
[2026-01-30 18:41:02] Fetching GFG stats for upratapim33...
[2026-01-30 18:41:04] GFG Success: 21
[2026-01-30 18:41:04] Total Solved: 27 (LC: 6, GFG: 21)
[2026-01-30 18:41:04] variables.inc updated successfully.
[2026-01-30 18:43:20] --- Starting Update ---
[2026-01-30 18:43:20] Fetching LeetCode stats for upratapvarun...
[2026-01-30 18:43:21] LeetCode Success: 6
[2026-01-30 18:43:21] Fetching GFG stats for upratapim33...
[2026-01-30 18:43:23] GFG Success: 21
[2026-01-30 18:43:23] Total Solved: 27 (LC: 6, GFG: 21)
[2026-01-30 18:43:23] variables.inc updated successfully.
[2026-01-30 18:44:18] --- Starting Update ---
[2026-01-30 18:44:18] Fetching LeetCode stats for upratapvarun...
[2026-01-30 18:44:19] LeetCode Success: 6
[2026-01-30 18:44:19] Fetching GFG stats for upratapim33...
[2026-01-30 18:44:20] GFG Success: 21
[2026-01-30 18:44:20] Total Solved: 27 (LC: 6, GFG: 21)
[2026-01-30 18:44:20] variables.inc updated successfully.
[2026-01-30 18:44:22] --- Starting Update ---
[2026-01-30 18:44:22] Fetching LeetCode stats for upratapvarun...
[2026-01-30 18:44:22] LeetCode Success: 6
[2026-01-30 18:44:22] Fetching GFG stats for upratapim33...
[2026-01-30 18:44:24] GFG Success: 21
[2026-01-30 18:44:24] Total Solved: 27 (LC: 6, GFG: 21)
[2026-01-30 18:44:24] variables.inc updated successfully.
[2026-01-30 18:45:44] --- Starting Update ---
[2026-01-30 18:45:44] Fetching LeetCode stats for upratapvarun...
[2026-01-30 18:45:45] LeetCode Success: 6
[2026-01-30 18:45:45] Fetching GFG stats for upratapim33...
[2026-01-30 18:45:46] GFG Success: 21
[2026-01-30 18:45:46] Total Solved: 27 (LC: 6, GFG: 21)
[2026-01-30 18:45:46] variables.inc updated successfully.
[2026-01-30 18:45:47] --- Starting Update ---
[2026-01-30 18:45:47] Fetching LeetCode stats for upratapvarun...
[2026-01-30 18:45:48] LeetCode Success: 6
[2026-01-30 18:45:48] Fetching GFG stats for upratapim33...
[2026-01-30 18:45:49] GFG Success: 21
[2026-01-30 18:45:49] Total Solved: 27 (LC: 6, GFG: 21)
[2026-01-30 18:45:49] variables.inc updated successfully.
[2026-01-30 22:27:32] --- Starting Update ---
[2026-01-30 22:27:32] Fetching LeetCode stats for upratapvarun...
[2026-01-30 22:27:33] LeetCode Success: 6
[2026-01-30 22:27:33] Fetching GFG stats for upratapim33...
[2026-01-30 22:27:38] GFG Success: 21
[2026-01-30 22:27:38] Stats updated successfully.
[2026-01-30 22:32:32] --- Starting Update ---
[2026-01-30 22:32:32] Fetching LeetCode stats for upratapvarun...
[2026-01-30 22:32:32] LeetCode Success: 6
[2026-01-30 22:32:32] Fetching GFG stats for upratapim33...
[2026-01-30 22:32:36] GFG Success: 21
[2026-01-30 22:32:36] Stats updated successfully.
[2026-01-30 22:50:08] --- Starting Update ---
[2026-01-30 22:50:08] Fetching LeetCode stats for upratapvarun...
[2026-01-30 22:50:09] LeetCode Success: 6
[2026-01-30 22:50:09] Fetching GFG stats for upratapim33...
[2026-01-30 22:50:12] GFG Success: 21
[2026-01-30 22:50:12] Stats updated successfully.
[2026-01-30 22:56:51] --- Starting Update ---
[2026-01-30 22:56:51] Fetching LeetCode stats for upratapvarun...
[2026-01-30 22:56:53] LeetCode Success: 6
[2026-01-30 22:56:53] Fetching GFG stats for upratapim33...
[2026-01-30 22:57:00] GFG Success: 21
[2026-01-30 22:57:00] Stats updated successfully.
[2026-01-30 22:57:47] --- Starting Update ---
[2026-01-30 22:57:47] Fetching LeetCode stats for upratapvarun...
[2026-01-30 22:57:48] LeetCode Success: 6
[2026-01-30 22:57:48] Fetching GFG stats for upratapim33...
[2026-01-30 22:57:51] GFG Success: 21
[2026-01-30 22:57:51] Stats updated successfully.
[2026-01-30 23:14:36] --- Starting Update ---
[2026-01-30 23:14:36] Fetching LeetCode stats for upratapvarun...
[2026-01-30 23:14:37] LeetCode Success: 6
[2026-01-30 23:14:37] Fetching GFG stats for upratapim33...
[2026-01-30 23:14:40] GFG Success: 21
[2026-01-30 23:14:40] Stats updated successfully.
[2026-01-30 23:14:49] --- Starting Update ---
[2026-01-30 23:14:49] Fetching LeetCode stats for upratapvarun...
[2026-01-30 23:14:52] LeetCode Success: 6
[2026-01-30 23:14:52] Fetching GFG stats for upratapim33...
[2026-01-30 23:14:54] GFG Success: 21
[2026-01-30 23:14:54] Stats updated successfully.
